# JRE version: OpenJDK Runtime Environment (8.0_212-b04) (build 1.8.0_212-release-1586-b04)
# Java VM: OpenJDK 64-Bit Server VM (25.212-b04 mixed mode windows-amd64 compressed oops)
Heap:
 PSYoungGen      total 183808K, used 14821K [0x00000000e0000000, 0x00000000f0700000, 0x0000000100000000)
  eden space 168960K, 0% used [0x00000000e0000000,0x00000000e0000000,0x00000000ea500000)
  from space 14848K, 99% used [0x00000000ea500000,0x00000000eb3797b0,0x00000000eb380000)
  to   space 19968K, 0% used [0x00000000ef380000,0x00000000ef380000,0x00000000f0700000)
 ParOldGen       total 134144K, used 29621K [0x00000000a0000000, 0x00000000a8300000, 0x00000000e0000000)
  object space 134144K, 22% used [0x00000000a0000000,0x00000000a1ced5b8,0x00000000a8300000)
 Metaspace       used 57121K, capacity 59046K, committed 59096K, reserved 1099776K
  class space    used 7880K, capacity 8358K, committed 8408K, reserved 1048576K
GC Heap History (10 events):
Event: 4.929 GC heap after
Heap after GC invocations=7 (full 1):
 PSYoungGen      total 119296K, used 8208K [0x00000000e0000000, 0x00000000e8000000, 0x0000000100000000)
  eden space 107008K, 0% used [0x00000000e0000000,0x00000000e0000000,0x00000000e6880000)
  from space 12288K, 66% used [0x00000000e7400000,0x00000000e7c04028,0x00000000e8000000)
  to   space 11776K, 0% used [0x00000000e6880000,0x00000000e6880000,0x00000000e7400000)
 ParOldGen       total 94208K, used 7963K [0x00000000a0000000, 0x00000000a5c00000, 0x00000000e0000000)
  object space 94208K, 8% used [0x00000000a0000000,0x00000000a07c6d40,0x00000000a5c00000)
 Metaspace       used 32031K, capacity 32532K, committed 32768K, reserved 1077248K
  class space    used 4393K, capacity 4563K, committed 4608K, reserved 1048576K
}
Event: 9.581 GC heap before
{Heap before GC invocations=8 (full 1):
 PSYoungGen      total 119296K, used 69078K [0x00000000e0000000, 0x00000000e8000000, 0x0000000100000000)
  eden space 107008K, 56% used [0x00000000e0000000,0x00000000e3b71b58,0x00000000e6880000)
  from space 12288K, 66% used [0x00000000e7400000,0x00000000e7c04028,0x00000000e8000000)
  to   space 11776K, 0% used [0x00000000e6880000,0x00000000e6880000,0x00000000e7400000)
 ParOldGen       total 94208K, used 7963K [0x00000000a0000000, 0x00000000a5c00000, 0x00000000e0000000)
  object space 94208K, 8% used [0x00000000a0000000,0x00000000a07c6d40,0x00000000a5c00000)
 Metaspace       used 34566K, capacity 35402K, committed 35456K, reserved 1079296K
  class space    used 4739K, capacity 4968K, committed 4992K, reserved 1048576K
Event: 9.587 GC heap after
Heap after GC invocations=8 (full 1):
 PSYoungGen      total 118784K, used 10064K [0x00000000e0000000, 0x00000000ebf80000, 0x0000000100000000)
  eden space 107008K, 0% used [0x00000000e0000000,0x00000000e0000000,0x00000000e6880000)
  from space 11776K, 85% used [0x00000000e6880000,0x00000000e7254030,0x00000000e7400000)
  to   space 12288K, 0% used [0x00000000eb380000,0x00000000eb380000,0x00000000ebf80000)
 ParOldGen       total 94208K, used 7971K [0x00000000a0000000, 0x00000000a5c00000, 0x00000000e0000000)
  object space 94208K, 8% used [0x00000000a0000000,0x00000000a07c8d40,0x00000000a5c00000)
 Metaspace       used 34566K, capacity 35402K, committed 35456K, reserved 1079296K
  class space    used 4739K, capacity 4968K, committed 4992K, reserved 1048576K
}
Event: 9.588 GC heap before
{Heap before GC invocations=9 (full 2):
 PSYoungGen      total 118784K, used 10064K [0x00000000e0000000, 0x00000000ebf80000, 0x0000000100000000)
  eden space 107008K, 0% used [0x00000000e0000000,0x00000000e0000000,0x00000000e6880000)
  from space 11776K, 85% used [0x00000000e6880000,0x00000000e7254030,0x00000000e7400000)
  to   space 12288K, 0% used [0x00000000eb380000,0x00000000eb380000,0x00000000ebf80000)
 ParOldGen       total 94208K, used 7971K [0x00000000a0000000, 0x00000000a5c00000, 0x00000000e0000000)
  object space 94208K, 8% used [0x00000000a0000000,0x00000000a07c8d40,0x00000000a5c00000)
 Metaspace       used 34566K, capacity 35402K, committed 35456K, reserved 1079296K
  class space    used 4739K, capacity 4968K, committed 4992K, reserved 1048576K
Event: 9.626 GC heap after
Heap after GC invocations=9 (full 2):
 PSYoungGen      total 118784K, used 0K [0x00000000e0000000, 0x00000000ebf80000, 0x0000000100000000)
  eden space 107008K, 0% used [0x00000000e0000000,0x00000000e0000000,0x00000000e6880000)
  from space 11776K, 0% used [0x00000000e6880000,0x00000000e6880000,0x00000000e7400000)
  to   space 12288K, 0% used [0x00000000eb380000,0x00000000eb380000,0x00000000ebf80000)
 ParOldGen       total 134144K, used 16951K [0x00000000a0000000, 0x00000000a8300000, 0x00000000e0000000)
  object space 134144K, 12% used [0x00000000a0000000,0x00000000a108dfc0,0x00000000a8300000)
 Metaspace       used 34554K, capacity 35360K, committed 35456K, reserved 1079296K
  class space    used 4735K, capacity 4961K, committed 4992K, reserved 1048576K
}
Event: 10.824 GC heap before
{Heap before GC invocations=10 (full 2):
 PSYoungGen      total 118784K, used 107008K [0x00000000e0000000, 0x00000000ebf80000, 0x0000000100000000)
  eden space 107008K, 100% used [0x00000000e0000000,0x00000000e6880000,0x00000000e6880000)
  from space 11776K, 0% used [0x00000000e6880000,0x00000000e6880000,0x00000000e7400000)
  to   space 12288K, 0% used [0x00000000eb380000,0x00000000eb380000,0x00000000ebf80000)
 ParOldGen       total 134144K, used 16951K [0x00000000a0000000, 0x00000000a8300000, 0x00000000e0000000)
  object space 134144K, 12% used [0x00000000a0000000,0x00000000a108dfc0,0x00000000a8300000)
 Metaspace       used 45194K, capacity 46268K, committed 46336K, reserved 1089536K
  class space    used 6078K, capacity 6368K, committed 6400K, reserved 1048576K
Event: 10.834 GC heap after
Heap after GC invocations=10 (full 2):
 PSYoungGen      total 181248K, used 12284K [0x00000000e0000000, 0x00000000ec500000, 0x0000000100000000)
  eden space 168960K, 0% used [0x00000000e0000000,0x00000000e0000000,0x00000000ea500000)
  from space 12288K, 99% used [0x00000000eb380000,0x00000000ebf7f350,0x00000000ebf80000)
  to   space 14848K, 0% used [0x00000000ea500000,0x00000000ea500000,0x00000000eb380000)
 ParOldGen       total 134144K, used 19855K [0x00000000a0000000, 0x00000000a8300000, 0x00000000e0000000)
  object space 134144K, 14% used [0x00000000a0000000,0x00000000a1363c50,0x00000000a8300000)
 Metaspace       used 45194K, capacity 46268K, committed 46336K, reserved 1089536K
  class space    used 6078K, capacity 6368K, committed 6400K, reserved 1048576K
}
Event: 12.761 GC heap before
{Heap before GC invocations=11 (full 2):
 PSYoungGen      total 181248K, used 172713K [0x00000000e0000000, 0x00000000ec500000, 0x0000000100000000)
  eden space 168960K, 94% used [0x00000000e0000000,0x00000000e9cab280,0x00000000ea500000)
  from space 12288K, 99% used [0x00000000eb380000,0x00000000ebf7f350,0x00000000ebf80000)
  to   space 14848K, 0% used [0x00000000ea500000,0x00000000ea500000,0x00000000eb380000)
 ParOldGen       total 134144K, used 19855K [0x00000000a0000000, 0x00000000a8300000, 0x00000000e0000000)
  object space 134144K, 14% used [0x00000000a0000000,0x00000000a1363c50,0x00000000a8300000)
 Metaspace       used 57121K, capacity 59046K, committed 59096K, reserved 1099776K
  class space    used 7880K, capacity 8358K, committed 8408K, reserved 1048576K
Event: 12.778 GC heap after
Heap after GC invocations=11 (full 2):
 PSYoungGen      total 183808K, used 14821K [0x00000000e0000000, 0x00000000f0700000, 0x0000000100000000)
  eden space 168960K, 0% used [0x00000000e0000000,0x00000000e0000000,0x00000000ea500000)
  from space 14848K, 99% used [0x00000000ea500000,0x00000000eb3797b0,0x00000000eb380000)
  to   space 19968K, 0% used [0x00000000ef380000,0x00000000ef380000,0x00000000f0700000)
 ParOldGen       total 134144K, used 29621K [0x00000000a0000000, 0x00000000a8300000, 0x00000000e0000000)
  object space 134144K, 22% used [0x00000000a0000000,0x00000000a1ced5b8,0x00000000a8300000)
 Metaspace       used 57121K, capacity 59046K, committed 59096K, reserved 1099776K
  class space    used 7880K, capacity 8358K, committed 8408K, reserved 1048576K
}
Event: 12.778 GC heap before
{Heap before GC invocations=12 (full 3):
 PSYoungGen      total 183808K, used 14821K [0x00000000e0000000, 0x00000000f0700000, 0x0000000100000000)
  eden space 168960K, 0% used [0x00000000e0000000,0x00000000e0000000,0x00000000ea500000)
  from space 14848K, 99% used [0x00000000ea500000,0x00000000eb3797b0,0x00000000eb380000)
  to   space 19968K, 0% used [0x00000000ef380000,0x00000000ef380000,0x00000000f0700000)
 ParOldGen       total 134144K, used 29621K [0x00000000a0000000, 0x00000000a8300000, 0x00000000e0000000)
  object space 134144K, 22% used [0x00000000a0000000,0x00000000a1ced5b8,0x00000000a8300000)
 Metaspace       used 57121K, capacity 59046K, committed 59096K, reserved 1099776K
  class space    used 7880K, capacity 8358K, committed 8408K, reserved 1048576K

